/usr/local/lib/python3.10/dist-packages/torch/cuda/__init__.py:58: FutureWarning: The pynvml package is deprecated. Please install nvidia-ml-py instead. If you did not install pynvml directly, please report this to the maintainers of the package that installed pynvml for you.
  import pynvml  # type: ignore[import]
============================================================
Running base configs...

Cora base:
  Split 0/3, Seed 0/3... Test: 0.8058 (13.9s, 100 epochs)
  Split 0/3, Seed 1/3... Test: 0.8185 (7.8s, 113 epochs)
  Split 0/3, Seed 2/3... Test: 0.8142 (6.3s, 91 epochs)
  Split 1/3, Seed 0/3... Test: 0.7485 (5.3s, 77 epochs)
  Split 1/3, Seed 1/3... Test: 0.7634 (5.7s, 83 epochs)
  Split 1/3, Seed 2/3... Test: 0.8045 (6.1s, 88 epochs)
  Split 2/3, Seed 0/3... Test: 0.7769 (6.3s, 91 epochs)
  Split 2/3, Seed 1/3... Test: 0.7668 (6.6s, 95 epochs)
  Split 2/3, Seed 2/3... Test: 0.7892 (6.5s, 92 epochs)
>>> Cora base: 78.75

Roman-Empire base:
  Split 0/1, Seed 0/3... Test: 0.8577 (48.3s, 184 epochs)
  Split 0/1, Seed 1/3... Test: 0.8537 (49.4s, 200 epochs)
  Split 0/1, Seed 2/3... Test: 0.8577 (49.5s, 200 epochs)
>>> RE base: 85.64

>>> Ablation: Self-loops
  Split 0/3, Seed 0/3... Test: 0.8049 (6.4s, 113 epochs)
  Split 0/3, Seed 1/3... Test: 0.7913 (6.4s, 111 epochs)
  Split 0/3, Seed 2/3... Test: 0.8015 (7.1s, 124 epochs)
  Split 1/3, Seed 0/3... Test: 0.7871 (7.9s, 137 epochs)
  Split 1/3, Seed 1/3... Test: 0.7277 (5.0s, 86 epochs)
  Split 1/3, Seed 2/3... Test: 0.7668 (6.2s, 107 epochs)
  Split 2/3, Seed 0/3... Test: 0.7655 (6.5s, 112 epochs)
  Split 2/3, Seed 1/3... Test: 0.7718 (7.6s, 133 epochs)
  Split 2/3, Seed 2/3... Test: 0.7574 (6.4s, 111 epochs)
  Split 0/1, Seed 0/3... Test: 0.8173 (64.5s, 200 epochs)
  Split 0/1, Seed 1/3... Test: 0.8304 (60.3s, 200 epochs)
  Split 0/1, Seed 2/3... Test: 0.8138 (43.3s, 143 epochs)
>>> Self-loops: Cora Δ=-1.26 (paper -2.84), RE Δ=-3.59 (paper -0.13)

>>> Ablation: Normalize input
  Split 0/3, Seed 0/3... Test: 0.7863 (7.5s, 108 epochs)
  Split 0/3, Seed 1/3... Test: 0.7761 (6.8s, 98 epochs)
  Split 0/3, Seed 2/3... Test: 0.7824 (6.0s, 87 epochs)
  Split 1/3, Seed 0/3... Test: 0.7413 (5.8s, 83 epochs)
  Split 1/3, Seed 1/3... Test: 0.7489 (5.7s, 82 epochs)
  Split 1/3, Seed 2/3... Test: 0.7964 (6.5s, 93 epochs)
  Split 2/3, Seed 0/3... Test: 0.7600 (6.1s, 88 epochs)
  Split 2/3, Seed 1/3... Test: 0.7659 (7.2s, 102 epochs)
  Split 2/3, Seed 2/3... Test: 0.7727 (9.5s, 137 epochs)
  Split 0/1, Seed 0/3... Test: 0.8285 (49.2s, 200 epochs)
  Split 0/1, Seed 1/3... Test: 0.8240 (49.2s, 200 epochs)
  Split 0/1, Seed 2/3... Test: 0.8341 (49.3s, 200 epochs)
>>> Normalize input: Cora Δ=-1.75 (paper -0.66), RE Δ=-2.75 (paper -0.01)

>>> Ablation: Residual
  Split 0/3, Seed 0/3... Test: 0.7833 (5.3s, 75 epochs)
  Split 0/3, Seed 1/3... Test: 0.7841 (5.7s, 85 epochs)
  Split 0/3, Seed 2/3... Test: 0.7939 (5.4s, 78 epochs)
  Split 1/3, Seed 0/3... Test: 0.7964 (5.6s, 79 epochs)
  Split 1/3, Seed 1/3... Test: 0.7897 (5.9s, 83 epochs)
  Split 1/3, Seed 2/3... Test: 0.8053 (6.1s, 87 epochs)
  Split 2/3, Seed 0/3... Test: 0.7714 (5.8s, 83 epochs)
  Split 2/3, Seed 1/3... Test: 0.7998 (5.8s, 82 epochs)
  Split 2/3, Seed 2/3... Test: 0.7812 (5.1s, 72 epochs)
  Split 0/1, Seed 0/3... Test: 0.6770 (49.3s, 200 epochs)
  Split 0/1, Seed 1/3... Test: 0.6936 (49.2s, 200 epochs)
  Split 0/1, Seed 2/3... Test: 0.7284 (48.9s, 200 epochs)
>>> Residual: Cora Δ=+0.19 (paper -3.09), RE Δ=-15.67 (paper -1.22)

>>> Ablation: Root connection
  Split 0/3, Seed 0/3... Test: 0.8198 (7.5s, 111 epochs)
  Split 0/3, Seed 1/3... Test: 0.7846 (5.7s, 85 epochs)
  Split 0/3, Seed 2/3... Test: 0.7854 (5.9s, 87 epochs)
  Split 1/3, Seed 0/3... Test: 0.7926 (6.6s, 97 epochs)
  Split 1/3, Seed 1/3... Test: 0.7884 (5.3s, 78 epochs)
  Split 1/3, Seed 2/3... Test: 0.7591 (5.6s, 83 epochs)
  Split 2/3, Seed 0/3... Test: 0.7897 (6.0s, 89 epochs)
  Split 2/3, Seed 1/3... Test: 0.7362 (5.3s, 79 epochs)
  Split 2/3, Seed 2/3... Test: 0.8015 (6.7s, 99 epochs)
  Split 0/1, Seed 0/3... Test: 0.8392 (48.6s, 200 epochs)
  Split 0/1, Seed 1/3... Test: 0.8509 (48.6s, 200 epochs)
  Split 0/1, Seed 2/3... Test: 0.8376 (48.8s, 200 epochs)
>>> Root connection: Cora Δ=-0.34 (paper -0.50), RE Δ=-1.38 (paper -1.72)

>>> Ablation: Mean aggregate
  Split 0/3, Seed 0/3... Test: 0.7871 (7.8s, 182 epochs)
  Split 0/3, Seed 1/3... Test: 0.7591 (6.8s, 159 epochs)
  Split 0/3, Seed 2/3... Test: 0.7981 (6.9s, 163 epochs)
  Split 1/3, Seed 0/3... Test: 0.7786 (6.0s, 138 epochs)
  Split 1/3, Seed 1/3... Test: 0.7655 (7.5s, 174 epochs)
  Split 1/3, Seed 2/3... Test: 0.7816 (5.8s, 133 epochs)
  Split 2/3, Seed 0/3... Test: 0.6476 (8.3s, 200 epochs)
  Split 2/3, Seed 1/3... Test: 0.7265 (8.5s, 200 epochs)
  Split 2/3, Seed 2/3... Test: 0.6836 (6.5s, 152 epochs)
  Split 0/1, Seed 0/3... Test: 0.8417 (74.9s, 200 epochs)
  Split 0/1, Seed 1/3... Test: 0.8413 (71.6s, 192 epochs)
  Split 0/1, Seed 2/3... Test: 0.8436 (74.6s, 200 epochs)
>>> Mean aggregate: Cora Δ=-4.00 (paper -1.35), RE Δ=-1.42 (paper -2.64)

>>> Ablation: Trans HA input
  Split 0/3, Seed 0/3... Test: 0.7977 (4.8s, 71 epochs)
  Split 0/3, Seed 1/3... Test: 0.7977 (5.6s, 83 epochs)
  Split 0/3, Seed 2/3... Test: 0.8138 (5.2s, 77 epochs)
  Split 1/3, Seed 0/3... Test: 0.7964 (4.5s, 67 epochs)
  Split 1/3, Seed 1/3... Test: 0.7884 (7.0s, 104 epochs)
  Split 1/3, Seed 2/3... Test: 0.7858 (5.5s, 82 epochs)
  Split 2/3, Seed 0/3... Test: 0.7583 (5.6s, 83 epochs)
  Split 2/3, Seed 1/3... Test: 0.7523 (5.5s, 83 epochs)
  Split 2/3, Seed 2/3... Test: 0.7655 (5.5s, 80 epochs)
  Split 0/1, Seed 0/3... Test: 0.8581 (47.2s, 200 epochs)
  Split 0/1, Seed 1/3... Test: 0.8583 (47.3s, 200 epochs)
  Split 0/1, Seed 2/3... Test: 0.8560 (47.4s, 200 epochs)
>>> Trans HA input: Cora Δ=-0.35 (paper +0.47), RE Δ=+0.11 (paper -1.15)

>>> Ablation: Trans HA output
  Split 0/3, Seed 0/3... Test: 0.6115 (8.4s, 124 epochs)
  Split 0/3, Seed 1/3... Test: 0.6450 (7.2s, 107 epochs)
  Split 0/3, Seed 2/3... Test: 0.6667 (9.7s, 143 epochs)
  Split 1/3, Seed 0/3... Test: 0.6726 (7.8s, 116 epochs)
  Split 1/3, Seed 1/3... Test: 0.6777 (12.0s, 170 epochs)
  Split 1/3, Seed 2/3... Test: 0.6154 (11.6s, 162 epochs)
  Split 2/3, Seed 0/3... Test: 0.6845 (7.3s, 103 epochs)
  Split 2/3, Seed 1/3... Test: 0.6213 (10.4s, 154 epochs)
  Split 2/3, Seed 2/3... Test: 0.6522 (6.9s, 102 epochs)
  Split 0/1, Seed 0/3... Test: 0.8362 (50.5s, 200 epochs)
  Split 0/1, Seed 1/3... Test: 0.8355 (50.3s, 200 epochs)
  Split 0/1, Seed 2/3... Test: 0.8265 (50.5s, 200 epochs)
>>> Trans HA output: Cora Δ=-13.79 (paper -4.83), RE Δ=-2.36 (paper -0.08)

======================================================================
Table 5: Ablation Study Results
======================================================================
Hyperparameter                Cora Δ    Paper Δ       RE Δ    Paper Δ
----------------------------------------------------------------------
Base                           78.75      78.85      85.64      92.27
Self-loops                     -1.26      -2.84      -3.59      -0.13
Normalize input                -1.75      -0.66      -2.75      -0.01
Residual                       +0.19      -3.09     -15.67      -1.22
Root connection                -0.34      -0.50      -1.38      -1.72
Mean aggregate                 -4.00      -1.35      -1.42      -2.64
Trans HA input                 -0.35      +0.47      +0.11      -1.15
Trans HA output               -13.79      -4.83      -2.36      -0.08
