/usr/local/lib/python3.10/dist-packages/torch/cuda/__init__.py:58: FutureWarning: The pynvml package is deprecated. Please install nvidia-ml-py instead. If you did not install pynvml directly, please report this to the maintainers of the package that installed pynvml for you.
  import pynvml  # type: ignore[import]
Loading ZINC dataset...
ZINC: Train=10000, Val=1000, Test=1000

--- Seed 0 ---
Parameters: 1,125,633
  Epoch 25: train=0.6879, val=0.6171, best_val=0.5431, lr=0.001000, time=76s
  Epoch 50: train=0.5175, val=0.5253, best_val=0.5253, lr=0.000500, time=152s
  Epoch 75: train=0.4741, val=0.4907, best_val=0.4865, lr=0.000500, time=227s
  Epoch 100: train=0.4500, val=0.4818, best_val=0.4773, lr=0.000500, time=302s
  Epoch 125: train=0.4831, val=0.5299, best_val=0.4669, lr=0.000500, time=377s
  Epoch 150: train=0.4233, val=0.4659, best_val=0.4650, lr=0.000500, time=452s
  Epoch 175: train=0.4246, val=0.4881, best_val=0.4565, lr=0.000500, time=527s
  Epoch 200: train=0.4018, val=0.4680, best_val=0.4543, lr=0.000500, time=603s
  Epoch 225: train=0.3956, val=0.4609, best_val=0.4487, lr=0.000500, time=678s
  Epoch 250: train=0.3519, val=0.4423, best_val=0.4423, lr=0.000250, time=757s
  Epoch 275: train=0.3367, val=0.4598, best_val=0.4423, lr=0.000250, time=916s
  Epoch 300: train=0.3255, val=0.4491, best_val=0.4415, lr=0.000250, time=1050s
  Epoch 325: train=0.2839, val=0.4496, best_val=0.4415, lr=0.000125, time=1125s
  Epoch 350: train=0.2596, val=0.4487, best_val=0.4415, lr=0.000063, time=1200s
  Early stopping at epoch 358
  Seed 0: test_mae=0.4680, best_val=0.4415, epochs=358, time=1224.8s

--- Seed 1 ---
Parameters: 1,125,633
  Epoch 25: train=0.5627, val=0.5821, best_val=0.5814, lr=0.001000, time=75s
  Epoch 50: train=0.6153, val=0.5969, best_val=0.5611, lr=0.001000, time=150s
  Epoch 75: train=0.5291, val=0.5585, best_val=0.5336, lr=0.001000, time=225s
  Epoch 100: train=0.4886, val=0.5051, best_val=0.5051, lr=0.001000, time=301s
  Epoch 125: train=0.4818, val=0.4903, best_val=0.4805, lr=0.001000, time=376s
  Epoch 150: train=0.4549, val=0.4691, best_val=0.4691, lr=0.001000, time=451s
  Epoch 175: train=0.4289, val=0.4646, best_val=0.4617, lr=0.001000, time=526s
  Epoch 200: train=0.4516, val=0.4733, best_val=0.4598, lr=0.001000, time=601s
  Epoch 225: train=0.4550, val=0.4601, best_val=0.4476, lr=0.001000, time=676s
  Epoch 250: train=0.3858, val=0.4383, best_val=0.4383, lr=0.001000, time=751s
  Epoch 275: train=0.3803, val=0.4580, best_val=0.4285, lr=0.001000, time=826s
  Epoch 300: train=0.3526, val=0.4339, best_val=0.4235, lr=0.001000, time=901s
  Epoch 325: train=0.3218, val=0.4211, best_val=0.4068, lr=0.000500, time=977s
  Epoch 350: train=0.3016, val=0.4162, best_val=0.4019, lr=0.000500, time=1052s
  Epoch 375: train=0.2647, val=0.4034, best_val=0.4019, lr=0.000250, time=1127s
  Epoch 400: train=0.2376, val=0.4107, best_val=0.4019, lr=0.000125, time=1202s
  Seed 1: test_mae=0.4179, best_val=0.4019, epochs=400, time=1201.8s

--- Seed 2 ---
Parameters: 1,125,633
  Epoch 25: train=0.6520, val=0.7876, best_val=0.5784, lr=0.001000, time=75s
  Epoch 50: train=0.5799, val=0.6543, best_val=0.5463, lr=0.001000, time=150s
  Epoch 75: train=0.5438, val=0.5429, best_val=0.5429, lr=0.000500, time=225s
  Epoch 100: train=0.5170, val=0.5299, best_val=0.5293, lr=0.000500, time=300s
  Epoch 125: train=0.4953, val=0.5076, best_val=0.5076, lr=0.000500, time=375s
  Epoch 150: train=0.4676, val=0.5075, best_val=0.4926, lr=0.000500, time=450s
  Epoch 175: train=0.4675, val=0.4916, best_val=0.4781, lr=0.000500, time=525s
  Epoch 200: train=0.4271, val=0.4698, best_val=0.4695, lr=0.000500, time=600s
  Epoch 225: train=0.4050, val=0.4728, best_val=0.4606, lr=0.000500, time=675s
  Epoch 250: train=0.3593, val=0.4575, best_val=0.4535, lr=0.000250, time=750s
  Epoch 275: train=0.3381, val=0.4523, best_val=0.4508, lr=0.000250, time=825s
  Epoch 300: train=0.3205, val=0.4569, best_val=0.4500, lr=0.000250, time=900s
  Epoch 325: train=0.2824, val=0.4502, best_val=0.4429, lr=0.000125, time=975s
  Epoch 350: train=0.2603, val=0.4501, best_val=0.4429, lr=0.000063, time=1050s
  Epoch 375: train=0.2468, val=0.4511, best_val=0.4429, lr=0.000031, time=1125s
  Early stopping at epoch 386
  Seed 2: test_mae=0.4596, best_val=0.4429, epochs=386, time=1158.7s

Final ZINC GHC: MAE = 0.4485 ± 0.0219
Paper target: 0.337 ± 0.020
Saved to results/GHC_ZINC_graph.json
